2024-10-11 18:55:09,503 - INFO - <BrokerConnection node_id=bootstrap-0 host=localhost:9092 <connecting> [IPv6 ('::1', 9092, 0, 0)]>: connecting to localhost:9092 [('::1', 9092, 0, 0) IPv6]
2024-10-11 18:55:09,504 - INFO - Probing node bootstrap-0 broker version
2024-10-11 18:55:09,505 - INFO - <BrokerConnection node_id=bootstrap-0 host=localhost:9092 <connecting> [IPv6 ('::1', 9092, 0, 0)]>: Connection complete.
2024-10-11 18:55:09,843 - INFO - Broker version identifed as 1.0.0
2024-10-11 18:55:09,843 - INFO - Set configuration api_version=(1, 0, 0) to skip auto check_version requests on startup
2024-10-11 18:55:09,999 - INFO - <BrokerConnection node_id=1 host=localhost:9092 <connecting> [IPv6 ('::1', 9092, 0, 0)]>: connecting to localhost:9092 [('::1', 9092, 0, 0) IPv6]
2024-10-11 18:55:09,999 - INFO - <BrokerConnection node_id=1 host=localhost:9092 <connecting> [IPv6 ('::1', 9092, 0, 0)]>: Connection complete.
2024-10-11 18:55:10,000 - INFO - <BrokerConnection node_id=bootstrap-0 host=localhost:9092 <connected> [IPv6 ('::1', 9092, 0, 0)]>: Closing connection. 
2024-10-11 18:55:10,654 - INFO - Produced message: {'customer_id': '9933c1de-b522-4f86-af62-e604a9d36b5b', 'event_type': 'login', 'timestamp': 1728669309, 'page': 'blog', 'product_id': 'a5ddc2e7-195b-400a-9fa6-e43b0a500e31', 'price': 244.98}
2024-10-11 18:55:11,659 - INFO - Produced message: {'customer_id': 'a4d092a8-c944-46e5-bc79-b410c4b1768f', 'event_type': 'logout', 'timestamp': 1728669311, 'page': 'posts/explore', 'product_id': '2b33ce7a-438b-4e8d-b030-ccdabf0810c3', 'price': 419.87}
2024-10-11 18:55:12,662 - INFO - Produced message: {'customer_id': '95df6423-7246-475a-a4dc-2b3f938f8356', 'event_type': 'purchase', 'timestamp': 1728669312, 'page': 'list', 'product_id': '1f283690-9f1b-4deb-8d77-cbe819d3ab88', 'price': 48.95}
2024-10-11 18:55:13,668 - INFO - Produced message: {'customer_id': '2c5d6472-a626-4adf-89b5-905fa98ab91c', 'event_type': 'page_view', 'timestamp': 1728669313, 'page': 'tags', 'product_id': 'fe2d7a39-24cc-4123-9f8c-3900eb1f2dce', 'price': 78.14}
2024-10-11 18:55:14,671 - INFO - Produced message: {'customer_id': 'cd95b7bf-5115-4fb5-853c-333a34799e33', 'event_type': 'purchase', 'timestamp': 1728669314, 'page': 'wp-content/search/tag', 'product_id': '1552cec1-f034-402c-85e9-c225ba31a143', 'price': 199.23}
2024-10-11 18:55:15,674 - INFO - Produced message: {'customer_id': 'cb6011dc-9189-4261-a6d0-13b03577562b', 'event_type': 'purchase', 'timestamp': 1728669315, 'page': 'category/posts/explore', 'product_id': 'e0fcbfbb-0358-47b3-8420-da75b2076ac2', 'price': 281.94}
2024-10-11 18:55:16,677 - INFO - Produced message: {'customer_id': '0e261941-2156-434b-b973-2cb3cd39128d', 'event_type': 'logout', 'timestamp': 1728669316, 'page': 'wp-content/tags', 'product_id': '1c4f43ec-8156-4017-81e2-5d8cda96e408', 'price': 443.48}
2024-10-11 18:55:17,678 - INFO - Produced message: {'customer_id': '837e848d-5a84-4a5b-8eb5-870c273b58c5', 'event_type': 'purchase', 'timestamp': 1728669317, 'page': 'posts', 'product_id': '54623ada-f0d7-4c1e-bbe0-6e4cde72c799', 'price': 214.06}
2024-10-11 18:55:18,682 - INFO - Produced message: {'customer_id': '02ac0dbb-b980-456b-9b7e-a71a4900971f', 'event_type': 'login', 'timestamp': 1728669318, 'page': 'search/list/wp-content', 'product_id': '0cfccfa7-0539-4b43-9bfd-fd6e85f9aebb', 'price': 195.86}
2024-10-11 18:55:19,688 - INFO - Produced message: {'customer_id': 'eab0b251-3b82-4d8b-8ffe-6e147262d92e', 'event_type': 'login', 'timestamp': 1728669319, 'page': 'tag', 'product_id': '2fe9d2fa-81a2-40d5-9362-6c04f07909f9', 'price': 249.58}
2024-10-11 18:55:20,691 - INFO - Produced message: {'customer_id': 'fe326f24-8a82-4237-bcf0-36da9718063f', 'event_type': 'page_view', 'timestamp': 1728669320, 'page': 'tag/tag', 'product_id': 'aee8742c-95f0-4c72-8892-fb32c4f2ad0e', 'price': 81.17}
2024-10-11 18:55:21,692 - INFO - Produced message: {'customer_id': '27965a36-385c-4ce9-ade3-97d36967f516', 'event_type': 'purchase', 'timestamp': 1728669321, 'page': 'app', 'product_id': 'a3424f38-6f8d-4e07-9c5f-bcafe028969c', 'price': 57.89}
2024-10-11 18:55:22,697 - INFO - Produced message: {'customer_id': '6c360187-a83e-42c1-adff-bc9c60d24386', 'event_type': 'logout', 'timestamp': 1728669322, 'page': 'blog/list/posts', 'product_id': '33be397b-2129-4f42-bc68-0b78bb7e8f22', 'price': 434.56}
2024-10-11 18:55:23,708 - INFO - Produced message: {'customer_id': '46c2be3f-c6e2-4e10-a2b7-8e3ba9f01ba0', 'event_type': 'login', 'timestamp': 1728669323, 'page': 'posts', 'product_id': 'c5a00da2-2d1a-47e2-8524-76ad98360dde', 'price': 203.02}
2024-10-11 18:55:24,709 - INFO - Produced message: {'customer_id': '6cfbff59-eb63-459c-ba54-9ed2f31b0689', 'event_type': 'purchase', 'timestamp': 1728669324, 'page': 'category/tags', 'product_id': 'f5d95840-6d84-4133-a4d4-7397d93293b5', 'price': 316.22}
2024-10-11 18:55:25,712 - INFO - Produced message: {'customer_id': '19e812dd-fab6-4e56-9ffc-39bc9e9e57d1', 'event_type': 'add_to_cart', 'timestamp': 1728669325, 'page': 'explore/posts/blog', 'product_id': '10695253-5d00-451d-a710-445a5f30018d', 'price': 425.01}
2024-10-11 18:55:26,718 - INFO - Produced message: {'customer_id': '478d7625-fdab-4d9a-a085-219863739e04', 'event_type': 'logout', 'timestamp': 1728669326, 'page': 'main/tag', 'product_id': 'b308a0ee-6efa-46be-9be0-a50052ccbc58', 'price': 180.67}
2024-10-11 18:55:27,722 - INFO - Produced message: {'customer_id': '8c9b5b94-f049-4524-b487-024f24080cc4', 'event_type': 'logout', 'timestamp': 1728669327, 'page': 'posts/app/tags', 'product_id': '46c69980-4183-4760-94fd-68f1fe163545', 'price': 387.58}
2024-10-11 18:55:28,722 - INFO - Produced message: {'customer_id': 'bcbc3c35-f143-48b7-b98e-4af534a902e6', 'event_type': 'purchase', 'timestamp': 1728669328, 'page': 'tag/tags', 'product_id': 'edeb2ad6-acf3-4bb0-90bb-3521270abf07', 'price': 476.23}
2024-10-11 18:55:29,727 - INFO - Produced message: {'customer_id': 'bc175749-c59e-4b00-b3f1-daa7349505fa', 'event_type': 'logout', 'timestamp': 1728669329, 'page': 'list/app/search', 'product_id': 'b80b28aa-f7b6-4b98-99b5-f4980a8d4ada', 'price': 12.79}
2024-10-11 18:55:30,730 - INFO - Produced message: {'customer_id': '2df65ee0-b0fe-4824-a55b-f272fceca9cb', 'event_type': 'login', 'timestamp': 1728669330, 'page': 'category', 'product_id': 'c8479a49-6d40-4f21-8833-a836af5c71b5', 'price': 442.55}
2024-10-11 18:55:31,732 - INFO - Produced message: {'customer_id': 'c21317c7-3cb4-4652-b823-a6a31f7cca3f', 'event_type': 'logout', 'timestamp': 1728669331, 'page': 'posts/categories', 'product_id': '2c6b650b-6157-4e6c-863a-1b030fff9b90', 'price': 76.63}
2024-10-11 18:55:32,760 - INFO - Produced message: {'customer_id': 'c3f34530-e9c0-436f-9650-7c4c3abdab78', 'event_type': 'logout', 'timestamp': 1728669332, 'page': 'wp-content/posts', 'product_id': '467c53ce-8cbe-4088-acfb-37666408e080', 'price': 351.58}
2024-10-11 18:55:33,765 - INFO - Produced message: {'customer_id': 'b7e7e39b-9987-46ea-922c-2e6a20a8fbc6', 'event_type': 'page_view', 'timestamp': 1728669333, 'page': 'explore', 'product_id': '0db100f9-7c48-4c43-a4c8-4c0ca901e142', 'price': 108.83}
2024-10-11 18:55:33,997 - INFO - Stopping producer
2024-10-11 18:55:33,997 - INFO - Closing the Kafka producer with 9223372036.0 secs timeout.
2024-10-11 18:55:33,998 - INFO - <BrokerConnection node_id=1 host=localhost:9092 <connected> [IPv6 ('::1', 9092, 0, 0)]>: Closing connection. 
2024-10-11 18:55:34,058 - INFO - Kafka producer closed
